mode: set
github.com/blackwell-systems/gsm/builder.go:44.39,46.2 1 1
github.com/blackwell-systems/gsm/builder.go:52.63,58.2 2 1
github.com/blackwell-systems/gsm/builder.go:62.48,65.2 2 1
github.com/blackwell-systems/gsm/builder.go:67.47,68.30 1 1
github.com/blackwell-systems/gsm/builder.go:68.30,69.22 1 1
github.com/blackwell-systems/gsm/builder.go:69.22,71.4 1 1
github.com/blackwell-systems/gsm/builder.go:73.2,73.51 1 0
github.com/blackwell-systems/gsm/builder.go:77.41,90.2 4 1
github.com/blackwell-systems/gsm/builder.go:93.59,94.21 1 1
github.com/blackwell-systems/gsm/builder.go:94.21,95.67 1 0
github.com/blackwell-systems/gsm/builder.go:97.2,110.10 5 1
github.com/blackwell-systems/gsm/builder.go:114.54,115.15 1 1
github.com/blackwell-systems/gsm/builder.go:115.15,116.56 1 0
github.com/blackwell-systems/gsm/builder.go:118.2,131.10 6 1
github.com/blackwell-systems/gsm/builder.go:141.60,146.2 1 1
github.com/blackwell-systems/gsm/builder.go:150.68,151.25 1 1
github.com/blackwell-systems/gsm/builder.go:151.25,153.3 1 1
github.com/blackwell-systems/gsm/builder.go:154.2,154.11 1 1
github.com/blackwell-systems/gsm/builder.go:158.67,161.2 2 1
github.com/blackwell-systems/gsm/builder.go:165.69,168.2 2 1
github.com/blackwell-systems/gsm/builder.go:171.35,172.25 1 1
github.com/blackwell-systems/gsm/builder.go:172.25,173.77 1 0
github.com/blackwell-systems/gsm/builder.go:175.2,175.26 1 1
github.com/blackwell-systems/gsm/builder.go:175.26,176.78 1 0
github.com/blackwell-systems/gsm/builder.go:178.2,178.51 1 1
github.com/blackwell-systems/gsm/builder.go:188.52,193.2 1 1
github.com/blackwell-systems/gsm/builder.go:196.59,197.25 1 1
github.com/blackwell-systems/gsm/builder.go:197.25,199.3 1 1
github.com/blackwell-systems/gsm/builder.go:200.2,200.11 1 1
github.com/blackwell-systems/gsm/builder.go:205.59,208.2 2 1
github.com/blackwell-systems/gsm/builder.go:211.60,214.2 2 1
github.com/blackwell-systems/gsm/builder.go:217.31,218.26 1 1
github.com/blackwell-systems/gsm/builder.go:218.26,219.74 1 0
github.com/blackwell-systems/gsm/builder.go:221.2,221.43 1 1
github.com/blackwell-systems/gsm/machine.go:22.33,22.50 1 0
github.com/blackwell-systems/gsm/machine.go:25.36,27.2 1 1
github.com/blackwell-systems/gsm/machine.go:32.54,34.9 2 1
github.com/blackwell-systems/gsm/machine.go:34.9,35.53 1 0
github.com/blackwell-systems/gsm/machine.go:37.2,40.3 1 1
github.com/blackwell-systems/gsm/machine.go:45.44,50.2 1 1
github.com/blackwell-systems/gsm/machine.go:53.41,55.2 1 1
github.com/blackwell-systems/gsm/machine.go:58.37,60.34 2 1
github.com/blackwell-systems/gsm/machine.go:60.34,62.3 1 1
github.com/blackwell-systems/gsm/machine.go:63.2,63.14 1 1
github.com/blackwell-systems/gsm/machine.go:123.45,127.27 3 1
github.com/blackwell-systems/gsm/machine.go:127.27,129.17 2 1
github.com/blackwell-systems/gsm/machine.go:130.17,131.20 1 1
github.com/blackwell-systems/gsm/machine.go:132.17,134.24 2 1
github.com/blackwell-systems/gsm/machine.go:135.16,138.33 3 1
github.com/blackwell-systems/gsm/machine.go:140.3,140.15 1 1
github.com/blackwell-systems/gsm/machine.go:143.2,160.16 3 1
github.com/blackwell-systems/gsm/machine.go:160.16,162.3 1 0
github.com/blackwell-systems/gsm/machine.go:164.2,164.55 1 1
github.com/blackwell-systems/gsm/machine.go:164.55,166.3 1 0
github.com/blackwell-systems/gsm/machine.go:168.2,168.12 1 1
github.com/blackwell-systems/gsm/state.go:14.34,17.2 2 1
github.com/blackwell-systems/gsm/state.go:20.36,22.2 1 1
github.com/blackwell-systems/gsm/state.go:25.34,27.2 1 1
github.com/blackwell-systems/gsm/state.go:30.45,32.16 2 1
github.com/blackwell-systems/gsm/state.go:32.16,33.13 1 0
github.com/blackwell-systems/gsm/state.go:35.2,35.33 1 1
github.com/blackwell-systems/gsm/state.go:39.47,40.9 1 1
github.com/blackwell-systems/gsm/state.go:40.9,42.3 1 1
github.com/blackwell-systems/gsm/state.go:43.2,43.23 1 1
github.com/blackwell-systems/gsm/state.go:48.45,50.17 2 1
github.com/blackwell-systems/gsm/state.go:50.17,52.3 1 1
github.com/blackwell-systems/gsm/state.go:53.2,53.15 1 1
github.com/blackwell-systems/gsm/state.go:53.15,55.3 1 1
github.com/blackwell-systems/gsm/state.go:56.2,56.39 1 1
github.com/blackwell-systems/gsm/state.go:60.37,63.2 2 1
github.com/blackwell-systems/gsm/state.go:66.48,73.2 3 1
github.com/blackwell-systems/gsm/state.go:76.28,76.47 1 1
github.com/blackwell-systems/gsm/state.go:79.32,80.19 1 1
github.com/blackwell-systems/gsm/state.go:80.19,82.3 1 0
github.com/blackwell-systems/gsm/state.go:83.2,84.27 2 1
github.com/blackwell-systems/gsm/state.go:84.27,85.12 1 1
github.com/blackwell-systems/gsm/state.go:85.12,87.4 1 1
github.com/blackwell-systems/gsm/state.go:88.3,88.17 1 1
github.com/blackwell-systems/gsm/state.go:89.17,90.56 1 1
github.com/blackwell-systems/gsm/state.go:91.17,92.52 1 1
github.com/blackwell-systems/gsm/state.go:93.16,94.55 1 1
github.com/blackwell-systems/gsm/state.go:97.2,97.21 1 1
github.com/blackwell-systems/gsm/var.go:32.28,32.45 1 0
github.com/blackwell-systems/gsm/var.go:35.29,36.12 1 1
github.com/blackwell-systems/gsm/var.go:36.12,38.3 1 0
github.com/blackwell-systems/gsm/var.go:39.2,41.12 3 1
github.com/blackwell-systems/gsm/var.go:41.12,44.3 2 1
github.com/blackwell-systems/gsm/var.go:45.2,45.10 1 1
github.com/blackwell-systems/gsm/var.go:49.50,50.29 1 1
github.com/blackwell-systems/gsm/var.go:50.29,51.15 1 1
github.com/blackwell-systems/gsm/var.go:51.15,53.4 1 1
github.com/blackwell-systems/gsm/var.go:55.2,55.67 1 0
github.com/blackwell-systems/gsm/var.go:59.41,60.37 1 1
github.com/blackwell-systems/gsm/var.go:60.37,62.3 1 1
github.com/blackwell-systems/gsm/var.go:63.2,63.32 1 0
github.com/blackwell-systems/gsm/verify.go:36.34,43.11 6 1
github.com/blackwell-systems/gsm/verify.go:43.11,45.3 1 1
github.com/blackwell-systems/gsm/verify.go:45.8,47.3 1 1
github.com/blackwell-systems/gsm/verify.go:49.2,49.10 1 1
github.com/blackwell-systems/gsm/verify.go:49.10,52.3 1 1
github.com/blackwell-systems/gsm/verify.go:52.8,52.31 1 1
github.com/blackwell-systems/gsm/verify.go:52.31,58.3 5 1
github.com/blackwell-systems/gsm/verify.go:60.2,60.19 1 1
github.com/blackwell-systems/gsm/verify.go:60.19,62.3 1 1
github.com/blackwell-systems/gsm/verify.go:64.2,64.10 1 1
github.com/blackwell-systems/gsm/verify.go:68.54,69.22 1 1
github.com/blackwell-systems/gsm/verify.go:69.22,71.3 1 0
github.com/blackwell-systems/gsm/verify.go:73.2,74.27 2 1
github.com/blackwell-systems/gsm/verify.go:74.27,76.3 1 1
github.com/blackwell-systems/gsm/verify.go:77.2,77.32 1 1
github.com/blackwell-systems/gsm/verify.go:77.32,79.3 1 0
github.com/blackwell-systems/gsm/verify.go:81.2,92.35 4 1
github.com/blackwell-systems/gsm/verify.go:92.35,94.3 1 1
github.com/blackwell-systems/gsm/verify.go:96.2,96.35 1 1
github.com/blackwell-systems/gsm/verify.go:96.35,98.3 1 1
github.com/blackwell-systems/gsm/verify.go:101.2,102.16 2 1
github.com/blackwell-systems/gsm/verify.go:102.16,104.3 1 1
github.com/blackwell-systems/gsm/verify.go:107.2,111.16 3 1
github.com/blackwell-systems/gsm/verify.go:111.16,113.3 1 1
github.com/blackwell-systems/gsm/verify.go:116.2,123.30 2 1
github.com/blackwell-systems/gsm/verify.go:123.30,125.3 1 1
github.com/blackwell-systems/gsm/verify.go:127.2,127.23 1 1
github.com/blackwell-systems/gsm/verify.go:131.143,135.35 3 1
github.com/blackwell-systems/gsm/verify.go:135.35,136.16 1 1
github.com/blackwell-systems/gsm/verify.go:136.16,138.12 2 1
github.com/blackwell-systems/gsm/verify.go:141.3,146.31 5 1
github.com/blackwell-systems/gsm/verify.go:146.31,150.44 3 1
github.com/blackwell-systems/gsm/verify.go:150.44,153.5 2 1
github.com/blackwell-systems/gsm/verify.go:154.4,154.25 1 1
github.com/blackwell-systems/gsm/verify.go:157.3,158.24 2 1
github.com/blackwell-systems/gsm/verify.go:158.24,160.4 1 1
github.com/blackwell-systems/gsm/verify.go:163.2,167.35 3 1
github.com/blackwell-systems/gsm/verify.go:167.35,168.15 1 1
github.com/blackwell-systems/gsm/verify.go:168.15,170.52 2 1
github.com/blackwell-systems/gsm/verify.go:170.52,172.5 1 0
github.com/blackwell-systems/gsm/verify.go:176.2,176.16 1 1
github.com/blackwell-systems/gsm/verify.go:180.120,182.31 2 1
github.com/blackwell-systems/gsm/verify.go:182.31,184.36 2 1
github.com/blackwell-systems/gsm/verify.go:184.36,185.16 1 1
github.com/blackwell-systems/gsm/verify.go:185.16,190.5 4 1
github.com/blackwell-systems/gsm/verify.go:193.2,193.13 1 1
github.com/blackwell-systems/gsm/verify.go:197.126,204.22 5 1
github.com/blackwell-systems/gsm/verify.go:204.22,205.38 1 1
github.com/blackwell-systems/gsm/verify.go:205.38,206.43 1 1
github.com/blackwell-systems/gsm/verify.go:206.43,208.5 1 1
github.com/blackwell-systems/gsm/verify.go:210.8,211.35 1 1
github.com/blackwell-systems/gsm/verify.go:211.35,213.13 2 1
github.com/blackwell-systems/gsm/verify.go:213.13,215.5 1 0
github.com/blackwell-systems/gsm/verify.go:216.4,216.51 1 1
github.com/blackwell-systems/gsm/verify.go:220.2,220.33 1 1
github.com/blackwell-systems/gsm/verify.go:220.33,223.29 2 1
github.com/blackwell-systems/gsm/verify.go:223.29,225.12 2 1
github.com/blackwell-systems/gsm/verify.go:228.3,229.36 2 1
github.com/blackwell-systems/gsm/verify.go:229.36,230.17 1 1
github.com/blackwell-systems/gsm/verify.go:230.17,231.13 1 0
github.com/blackwell-systems/gsm/verify.go:234.4,237.28 3 1
github.com/blackwell-systems/gsm/verify.go:237.28,250.5 6 1
github.com/blackwell-systems/gsm/verify.go:254.2,258.12 5 1
github.com/blackwell-systems/gsm/verify.go:262.51,263.35 1 1
github.com/blackwell-systems/gsm/verify.go:263.35,264.20 1 1
github.com/blackwell-systems/gsm/verify.go:264.20,266.4 1 1
github.com/blackwell-systems/gsm/verify.go:268.2,268.13 1 1
github.com/blackwell-systems/gsm/verify.go:272.51,273.35 1 1
github.com/blackwell-systems/gsm/verify.go:273.35,274.20 1 1
github.com/blackwell-systems/gsm/verify.go:274.20,276.4 1 1
github.com/blackwell-systems/gsm/verify.go:278.2,278.10 1 0
github.com/blackwell-systems/gsm/verify.go:282.58,283.37 1 1
github.com/blackwell-systems/gsm/verify.go:283.37,285.3 1 1
github.com/blackwell-systems/gsm/verify.go:286.2,286.21 1 1
github.com/blackwell-systems/gsm/verify.go:292.45,293.27 1 1
github.com/blackwell-systems/gsm/verify.go:293.27,296.16 3 1
github.com/blackwell-systems/gsm/verify.go:296.16,298.4 1 0
github.com/blackwell-systems/gsm/verify.go:300.2,300.10 1 1
github.com/blackwell-systems/gsm/verify.go:305.55,306.27 1 1
github.com/blackwell-systems/gsm/verify.go:306.27,309.27 3 1
github.com/blackwell-systems/gsm/verify.go:309.27,311.4 1 1
github.com/blackwell-systems/gsm/verify.go:313.2,313.13 1 1
github.com/blackwell-systems/gsm/verify.go:318.51,323.21 3 1
github.com/blackwell-systems/gsm/verify.go:323.21,324.13 1 1
github.com/blackwell-systems/gsm/verify.go:324.13,326.4 1 1
github.com/blackwell-systems/gsm/verify.go:328.2,328.13 1 1
github.com/blackwell-systems/gsm/verify.go:333.55,335.41 2 1
github.com/blackwell-systems/gsm/verify.go:335.41,337.3 1 1
github.com/blackwell-systems/gsm/verify.go:339.2,340.35 2 1
github.com/blackwell-systems/gsm/verify.go:340.35,342.36 2 1
github.com/blackwell-systems/gsm/verify.go:342.36,343.18 1 1
github.com/blackwell-systems/gsm/verify.go:343.18,345.10 2 1
github.com/blackwell-systems/gsm/verify.go:348.3,348.15 1 1
github.com/blackwell-systems/gsm/verify.go:348.15,349.37 1 1
github.com/blackwell-systems/gsm/verify.go:349.37,351.5 1 1
github.com/blackwell-systems/gsm/verify.go:354.2,354.11 1 1
